Input array: Array
(
    [chatId] => 387
    [message] => asasf
    [sender] => user
)

Chat ID: 387
Input array: Array
(
    [chatId] => 388
    [message] => awdawd
    [sender] => user
)

Chat ID: 388
Input array: Array
(
    [chatId] => 388
    [message] => 123123
    [sender] => user
)

Chat ID: 388
Input array: Array
(
    [chatId] => 389
    [message] => awdawd
    [sender] => user
)

Chat ID: 389
Input array: Array
(
    [chatId] => 389
    [message] => awdawd
    [sender] => user
)

Chat ID: 389
Input array: Array
(
    [chatId] => 389
    [message] => asdasd
    [sender] => user
)

Chat ID: 389
Input array: Array
(
    [chatId] => 389
    [message] => awdwad
    [sender] => user
)

Chat ID: 389
Input array: Array
(
    [chatId] => 389
    [message] => awdad
    [sender] => user
)

Chat ID: 389
Input array: Array
(
    [chatId] => 389
    [message] => zxczxc
    [sender] => user
)

Chat ID: 389
Input array: Array
(
    [chatId] => 392
    [message] => sample1
    [sender] => user
)

Chat ID: 392
Input array: Array
(
    [chatId] => 391
    [message] => sample2
    [sender] => user
)

Chat ID: 391
Input array: Array
(
    [chatId] => 392
    [message] => sample1
    [sender] => user
)

Chat ID: 392
Input array: Array
(
    [chatId] => 393
    [message] => sefsef
    [sender] => user
)

Chat ID: 393
Input array: Array
(
    [chatId] => 393
    [message] => sfsf
    [sender] => user
)

Chat ID: 393
Input array: Array
(
    [chatId] => 393
    [message] => sefsef
    [sender] => user
)

Chat ID: 393
Input array: Array
(
    [chatId] => 393
    [message] => 
    [sender] => user
)

Chat ID: 393
Input array: Array
(
    [chatId] => 393
    [message] => sefsef
    [sender] => user
)

Chat ID: 393
Input array: Array
(
    [chatId] => 393
    [message] => sefsef
    [sender] => user
)

Chat ID: 393
Input array: Array
(
    [chatId] => 393
    [message] => sdvsdv
    [sender] => user
)

Chat ID: 393
Input array: Array
(
    [chatId] => 395
    [message] => sdfsdf
    [sender] => user
)

Chat ID: 395
Input array: Array
(
    [chatId] => 395
    [message] => sdgdsg
    [sender] => user
)

Chat ID: 395
Input array: Array
(
    [chatId] => 395
    [message] => sdgsdg
    [sender] => user
)

Chat ID: 395
Input array: Array
(
    [chatId] => 395
    [message] => sdgds
    [sender] => user
)

Chat ID: 395
Input array: Array
(
    [chatId] => 396
    [message] => asfas
    [sender] => user
)

Chat ID: 396
Input array: Array
(
    [chatId] => 397
    [message] => sdfsdf
    [sender] => user
)

Chat ID: 397
Input array: Array
(
    [chatId] => 398
    [message] => awdawd
    [sender] => user
)

Chat ID: 398
Input array: Array
(
    [chatId] => 398
    [message] => awdwad
    [sender] => user
)

Chat ID: 398
Input array: Array
(
    [chatId] => 398
    [message] => sgwegewgweg
    [sender] => user
)

Chat ID: 398
Input array: Array
(
    [chatId] => 398
    [message] => werwer
    [sender] => user
)

Chat ID: 398
Input array: Array
(
    [chatId] => 399
    [message] => sdfsdf
    [sender] => user
)

Chat ID: 399
Input array: Array
(
    [chatId] => 399
    [message] => sdfsdf
    [sender] => user
)

Chat ID: 399
Input array: Array
(
    [chatId] => 399
    [message] => sddf
    [sender] => user
)

Chat ID: 399
Input array: Array
(
    [chatId] => 399
    [message] => jana
    [sender] => user
)

Chat ID: 399
Input array: Array
(
    [chatId] => 399
    [message] => erg
    [sender] => user
)

Chat ID: 399
Input array: Array
(
    [chatId] => 400
    [message] => ergreg
    [sender] => user
)

Chat ID: 400
Input array: Array
(
    [chatId] => 400
    [message] => sefsef
    [sender] => user
)

Chat ID: 400
Input array: Array
(
    [chatId] => 401
    [message] => awfawf
    [sender] => user
)

Chat ID: 401
Input array: Array
(
    [chatId] => 402
    [message] => rsdgsdgs
    [sender] => user
)

Chat ID: 402
Input array: Array
(
    [chatId] => 403
    [message] => sfsef
    [sender] => user
)

Chat ID: 403
Input array: Array
(
    [chatId] => 403
    [message] => wsfdf
    [sender] => user
)

Chat ID: 403
Input array: Array
(
    [chatId] => 404
    [message] => sdgsdg
    [sender] => user
)

Chat ID: 404
Input array: Array
(
    [chatId] => 405
    [message] => gsegesg
    [sender] => user
)

Chat ID: 405
Input array: Array
(
    [chatId] => 406
    [message] => j
    [sender] => user
)

Chat ID: 406
Input array: Array
(
    [chatId] => 409
    [message] => asdasd
    [sender] => user
)

Chat ID: 409
Input array: Array
(
    [chatId] => 409
    [message] => 123
    [sender] => user
)

Chat ID: 409
Input array: Array
(
    [chatId] => 409
    [message] => 
    [sender] => user
)

Chat ID: 409
Input array: Array
(
    [chatId] => 410
    [message] => czxvzxv
    [sender] => user
)

Chat ID: 410
Input array: Array
(
    [chatId] => 412
    [message] => awfawf
    [sender] => user
)

Chat ID: 412
Input array: Array
(
    [chatId] => 413
    [message] => x
    [sender] => user
)

Chat ID: 413
Input array: Array
(
    [chatId] => 414
    [message] => f
    [sender] => user
)

Chat ID: 414
Input array: Array
(
    [chat_id] => 415
    [message] => xfdg
    [sender] => user
)

Chat ID: 
Input array: Array
(
    [chat_id] => 415
    [message] => sdsef
    [sender] => user
)

Chat ID: 
